################################################################################
#
# This file has been generated by SpyGlass:
#     Report Created by: r2921a01
#     Report Created on: Mon Nov 13 00:14:34 2023
#     Working Directory: /home/raid7_2/user12/r2921a01/hw/hw4/1121_hw4/01_RTL
#     Report Location  : ./spyglass-1/IOTDF/Design_Read/spyglass_reports/SpyGlass/elab_summary.rpt
#     SpyGlass Version : SpyGlass_vT-2022.06
#     Policy Name      : SpyGlass(SpyGlass_vT-2022.06)
#     Comment          : This report contains RTL and Elaborated names along with parameter values
#
################################################################################

================================================================================
Elaborated Name: 'inputReceiver'
    (RTL Design Unit name: 'inputReceiver', ./inputReceiver.v:1)
     Parameters (Total: 2)
         STATE_START   = 0 (default: 4'd0)
         STATE_WORKING = 1 (default: 4'd1)
     Instances (Total: 1): IOTDF.input_receiver_0 

================================================================================

Elaborated Name: 'desModule'
    (RTL Design Unit name: 'desModule', ./desModule.v:1)
     Parameters (Total: 10)
         MODE_ENCRYPT                = 0 (default: 1'd0)
         MODE_DECRYPT                = 1 (default: 1'd1)
         DES_STATE_START             = 0 (default: 5'd0)
         DES_STATE_WAIT_WORK         = 1 (default: 5'd1)
         DES_STATE_WORKING           = 2 (default: 5'd2)
         DES_STATE_WORK_FINISH       = 3 (default: 5'd3)
         F_FUNCTION_INPUT_FROM_TEXT  = 0 (default: 1'b0)
         F_FUNCTION_INPUT_FROM_R_REG = 1 (default: 1'b1)
         XOR_INPUT_FROM_TEXT         = 0 (default: 1'b0)
         XOR_INPUT_FROM_L_REG        = 1 (default: 1'b1)
     Instances (Total: 1): IOTDF.des_module_0 

================================================================================

Elaborated Name: 'initialPermutation'
    (RTL Design Unit name: 'initialPermutation', ./desModule.v:215)
     Parameters (Total: 0)
     Instances (Total: 1): IOTDF.des_module_0.init_perm 

================================================================================

Elaborated Name: 'desKeyScheduler'
    (RTL Design Unit name: 'desKeyScheduler', ./desKeyScheduler.v:1)
     Parameters (Total: 12)
         MODE_ENCRYPT                      = 0 (default: 1'd0)
         MODE_DECRYPT                      = 1 (default: 1'd1)
         SHIFTER_SOURCE_CIPHER_KEY         = 0 (default: 0)
         SHIFTER_SOURCE_KEY_REG            = 1 (default: 1)
         SHIFTER_SELECT_LEFT_1BIT          = 0 (default: 2'd0)
         SHIFTER_SELECT_LEFT_2BIT          = 1 (default: 2'd1)
         SHIFTER_SELECT_RIGHT_1BIT         = 2 (default: 2'd2)
         SHIFTER_SELECT_RIGHT_2BIT         = 3 (default: 2'd3)
         PC2_INPUT_SELECT_LEFT_SHIFT_1_BIT = 0 (default: 2'd0)
         PC2_INPUT_SELECT_LEFT_SHIFT_2_BIT = 1 (default: 2'd1)
         PC2_INPUT_SELECT_KEY_REG          = 2 (default: 2'd2)
         PC2_INPUT_SELECT_CIPHER_KEY       = 3 (default: 2'd3)
     Instances (Total: 1): IOTDF.des_module_0.key_scheduler_0 

================================================================================

Elaborated Name: 'pc1Permutation'
    (RTL Design Unit name: 'pc1Permutation', ./desKeyScheduler.v:326)
     Parameters (Total: 0)
     Instances (Total: 1): IOTDF.des_module_0.key_scheduler_0.pc1_permutation_0 

================================================================================

Elaborated Name: 'circularLeftShifter1bit'
    (RTL Design Unit name: 'circularLeftShifter1bit', ./desKeyScheduler.v:297)
     Parameters (Total: 0)
     Instances (Total: 2): IOTDF.des_module_0.key_scheduler_0.circular_left_shifter_1bit_for_right_part, IOTDF.des_module_0.key_scheduler_0.circular_left_shifter_1bit_for_left_part 

================================================================================

Elaborated Name: 'circularLeftShifter2bit'
    (RTL Design Unit name: 'circularLeftShifter2bit', ./desKeyScheduler.v:304)
     Parameters (Total: 0)
     Instances (Total: 2): IOTDF.des_module_0.key_scheduler_0.circular_left_shifter_2bit_for_right_part, IOTDF.des_module_0.key_scheduler_0.circular_left_shifter_2bit_for_left_part 

================================================================================

Elaborated Name: 'circularRightShifter1bit'
    (RTL Design Unit name: 'circularRightShifter1bit', ./desKeyScheduler.v:311)
     Parameters (Total: 0)
     Instances (Total: 2): IOTDF.des_module_0.key_scheduler_0.circular_right_shifter_1bit_for_right_part, IOTDF.des_module_0.key_scheduler_0.circular_right_shifter_1bit_for_left_part 

================================================================================

Elaborated Name: 'circularRightShifter2bit'
    (RTL Design Unit name: 'circularRightShifter2bit', ./desKeyScheduler.v:318)
     Parameters (Total: 0)
     Instances (Total: 2): IOTDF.des_module_0.key_scheduler_0.circular_right_shifter_2bit_for_right_part, IOTDF.des_module_0.key_scheduler_0.circular_right_shifter_2bit_for_left_part 

================================================================================

Elaborated Name: 'pc2Permutation'
    (RTL Design Unit name: 'pc2Permutation', ./desKeyScheduler.v:450)
     Parameters (Total: 0)
     Instances (Total: 1): IOTDF.des_module_0.key_scheduler_0.pc2_permutation_0 

================================================================================

Elaborated Name: 'desFfunction'
    (RTL Design Unit name: 'desFfunction', ./desFfunction.v:1)
     Parameters (Total: 0)
     Instances (Total: 1): IOTDF.des_module_0.des_f_function_0 

================================================================================

Elaborated Name: 'roundExpander'
    (RTL Design Unit name: 'roundExpander', ./desFfunction.v:70)
     Parameters (Total: 0)
     Instances (Total: 1): IOTDF.des_module_0.des_f_function_0.round_expander 

================================================================================

Elaborated Name: 'sbox1'
    (RTL Design Unit name: 'sbox1', ./desFfunction.v:250)
     Parameters (Total: 0)
     Instances (Total: 1): IOTDF.des_module_0.des_f_function_0.sbox1_0 

================================================================================

Elaborated Name: 'sbox2'
    (RTL Design Unit name: 'sbox2', ./desFfunction.v:359)
     Parameters (Total: 0)
     Instances (Total: 1): IOTDF.des_module_0.des_f_function_0.sbox2_0 

================================================================================

Elaborated Name: 'sbox3'
    (RTL Design Unit name: 'sbox3', ./desFfunction.v:468)
     Parameters (Total: 0)
     Instances (Total: 1): IOTDF.des_module_0.des_f_function_0.sbox3_0 

================================================================================

Elaborated Name: 'sbox4'
    (RTL Design Unit name: 'sbox4', ./desFfunction.v:578)
     Parameters (Total: 0)
     Instances (Total: 1): IOTDF.des_module_0.des_f_function_0.sbox4_0 

================================================================================

Elaborated Name: 'sbox5'
    (RTL Design Unit name: 'sbox5', ./desFfunction.v:687)
     Parameters (Total: 0)
     Instances (Total: 1): IOTDF.des_module_0.des_f_function_0.sbox5_0 

================================================================================

Elaborated Name: 'sbox6'
    (RTL Design Unit name: 'sbox6', ./desFfunction.v:790)
     Parameters (Total: 0)
     Instances (Total: 1): IOTDF.des_module_0.des_f_function_0.sbox6_0 

================================================================================

Elaborated Name: 'sbox7'
    (RTL Design Unit name: 'sbox7', ./desFfunction.v:894)
     Parameters (Total: 0)
     Instances (Total: 1): IOTDF.des_module_0.des_f_function_0.sbox7_0 

================================================================================

Elaborated Name: 'sbox8'
    (RTL Design Unit name: 'sbox8', ./desFfunction.v:1002)
     Parameters (Total: 0)
     Instances (Total: 1): IOTDF.des_module_0.des_f_function_0.sbox8_0 

================================================================================

Elaborated Name: 'roundPermutation'
    (RTL Design Unit name: 'roundPermutation', ./desFfunction.v:177)
     Parameters (Total: 0)
     Instances (Total: 1): IOTDF.des_module_0.des_f_function_0.round_permutation 

================================================================================

Elaborated Name: 'finalPermutation'
    (RTL Design Unit name: 'finalPermutation', ./desModule.v:356)
     Parameters (Total: 0)
     Instances (Total: 1): IOTDF.des_module_0.final_permutation_0 

================================================================================

Elaborated Name: 'crcModule'
    (RTL Design Unit name: 'crcModule', ./crcModule.v:1)
     Parameters (Total: 5)
         STATE_START               = 0 (default: 2'd0)
         STATE_WAIT                = 1 (default: 2'd1)
         STATE_CALCULATE_CRC       = 2 (default: 2'd2)
         CRC_SOURCE_DATA_IN        = 0 (default: 1'b0)
         CRC_SOURCE_SAVED_DATA_REG = 1 (default: 1'b1)
     Instances (Total: 1): IOTDF.crc_module_0 

================================================================================

Elaborated Name: 'crcUnit'
    (RTL Design Unit name: 'crcUnit', ./crcModule.v:205)
     Parameters (Total: 0)
     Instances (Total: 9): IOTDF.crc_module_0.\crc_unit_generate[5].crc_unit_0 , IOTDF.crc_module_0.\crc_unit_generate[4].crc_unit_0 , IOTDF.crc_module_0.\crc_unit_generate[3].crc_unit_0 , IOTDF.crc_module_0.\crc_unit_generate[2].crc_unit_0 , IOTDF.crc_module_0.\crc_unit_generate[1].crc_unit_0   ... more

================================================================================

Elaborated Name: 'binaryGrayConverter'
    (RTL Design Unit name: 'binaryGrayConverter', ./binaryGrayConverter.v:1)
     Parameters (Total: 4)
         STATE_START               = 0 (default: 2'd0)
         STATE_WAIT                = 1 (default: 2'd1)
         STATE_CONVERT_BIN_TO_GRAY = 2 (default: 2'd2)
         STATE_CONVERT_GRAY_TO_BIN = 3 (default: 2'd3)
     Instances (Total: 1): IOTDF.binary_gray_converter_0 

================================================================================

Elaborated Name: 'binaryToGrayXor8bit'
    (RTL Design Unit name: 'binaryToGrayXor8bit', ./binaryGrayConverter.v:237)
     Parameters (Total: 0)
     Instances (Total: 1): IOTDF.binary_gray_converter_0.bin_to_gray_xor8bit_0 

================================================================================

Elaborated Name: 'outputModule'
    (RTL Design Unit name: 'outputModule', ./outputModule.v:1)
     Parameters (Total: 0)
     Instances (Total: 1): IOTDF.output_module_0 

================================================================================

Elaborated Name: 'IOTDF'
    (RTL Design Unit name: 'IOTDF', ./IOTDF.v:2)
     Parameters (Total: 6)
         FUNCTION_DES_ENCRYPT    = 1 (default: 3'b001)
         FUNCTION_DES_DECRYPT    = 2 (default: 3'b010)
         FUNCTION_CRC            = 3 (default: 3'b011)
         FUNCTION_BINARY_TO_GRAY = 4 (default: 3'b100)
         STATE_START             = 0 (default: 4'd0)
         STATE_WORKING           = 1 (default: 4'd1)
================================================================================
