
################################################################################
#
# This file has been generated by SpyGlass:
#     Report Name      : moresimple
#     Report Created by: r2921a01
#     Report Created on:  Mon Nov 13 00:14:34 2023
#     Working Directory: /home/raid7_2/user12/r2921a01/hw/hw4/1121_hw4/01_RTL
#     SpyGlass Version : SpyGlass_vT-2022.06
#     Policy Name      : SpyGlass(SpyGlass_vT-2022.06)
#
#     Total Number of Generated Messages :          2
#     Number of Waived Messages          :          0
#     Number of Reported Messages        :          2
#     Number of Overlimit Messages       :          0
#
#
################################################################################

+++++++++++++++++++++++++++++++++++++++++++++++++++++++++++++++++++++++
MORESIMPLE REPORT:


############### BuiltIn -> RuleGroup=Design Read ###############
+++++++++++++++++++++++++++++++++++++++++++++++++++++++++++++++++++++++++++++++++++++++
ID       Rule                    Alias                   Severity    File                                                                         Line    Wt    Message
======================================================================================
[1]      DetectTopDesignUnits    DetectTopDesignUnits    Info        ./IOTDF.v                                                                    2       2     Module IOTDF is a top level design unit
[0]      ElabSummary             ElabSummary             Info        ./spyglass-1/IOTDF/Design_Read/spyglass_reports/SpyGlass/elab_summary.rpt    0       2     Please refer file './spyglass-1/IOTDF/Design_Read/spyglass_reports/SpyGlass/elab_summary.rpt' for elab summary report
+++++++++++++++++++++++++++++++++++++++++++++++++++++++++++++++++++++++++++++++++++++++
