################################################################################
#
# This file has been generated by SpyGlass:
#     Report Created by: r2921a01
#     Report Created on: Sun Nov  5 23:54:37 2023
#     Working Directory: /home/raid7_2/user12/r2921a01/hw/hw3/1121_hw3/01_RTL
#     Report Location  : ./spyglass-1/core/Design_Read/spyglass_reports/SpyGlass/elab_summary.rpt
#     SpyGlass Version : SpyGlass_vT-2022.06
#     Policy Name      : SpyGlass(SpyGlass_vT-2022.06)
#     Comment          : This report contains RTL and Elaborated names along with parameter values
#
################################################################################

================================================================================
Elaborated Name: 'memoryManagementUnit'
    (RTL Design Unit name: 'memoryManagementUnit', ./memoryManagementUnit.v:1)
     Parameters (Total: 14)
         SRAM_WEN_READ              = 1 (default: 1)
         SRAM_WEN_WRITE             = 0 (default: 0)
         SRAM_CEN_STANDBY           = 1 (default: 1)
         SRAM_CEN_ENABLE            = 0 (default: 0)
         STATE_START                = 0 (default: 5'd0)
         STATE_PREPARE_BANK_0_UP    = 1 (default: 5'd1)
         STATE_PREPARE_BANK_0_DOWN  = 2 (default: 5'd2)
         STATE_PREPARE_BANK_0_LEFT  = 3 (default: 5'd3)
         STATE_PREPARE_BANK_0_RIGHT = 4 (default: 5'd4)
         STATE_PREPARE_BANK_1_UP    = 5 (default: 5'd5)
         STATE_PREPARE_BANK_1_DOWN  = 6 (default: 5'd6)
         STATE_PREPARE_BANK_1_LEFT  = 7 (default: 5'd7)
         STATE_PREPARE_BANK_1_RIGHT = 8 (default: 5'd8)
         STATE_OPERATE              = 9 (default: 5'd9)
     Instances (Total: 1): core.mmu0 

================================================================================

Elaborated Name: 'indexConverter'
    (RTL Design Unit name: 'indexConverter', ./indexConverter.v:1)
     Parameters (Total: 0)
     Instances (Total: 1): core.mmu0.iConv0 

================================================================================

Elaborated Name: 'convolutionEngine'
    (RTL Design Unit name: 'convolutionEngine', ./convolutionEngine.v:1)
     Parameters (Total: 31)
         FILTER_MODE_FIXED               = 0 (default: 2'd0)
         FILTER_MODE_MEDIAN              = 1 (default: 2'd1)
         FILTER_MODE_SOBEL_NMS           = 2 (default: 2'd2)
         CHANNEL_WINDOW_32               = 2 (default: 2'd2)
         CHANNEL_WINDOW_16               = 1 (default: 2'd1)
         CHANNEL_WINDOW_8                = 0 (default: 2'd0)
         STATE_START                     = 0 (default: 5'd0)
         STATE_WAIT                      = 1 (default: 5'd1)
         STATE_COMPUTE_FIXED             = 2 (default: 5'd2)
         STATE_COMPUTE_FIXED_SECOND_BANK = 3 (default: 5'd3)
         STATE_COMPUTE_MEDIAN            = 4 (default: 5'd4)
         STATE_OUTPUT_MEDIAN             = 5 (default: 5'd5)
         STATE_COMPUTE_SOBEL             = 6 (default: 5'd6)
         STATE_OUTPUT_SOBEL              = 8 (default: 5'd8)
         STATE_FINISH                    = 10 (default: 5'd10)
         DEGREE_0                        = 0 (default: 4'd0)
         DEGREE_BETWEEN_0_AND_22_5       = 1 (default: 4'd1)
         DEGREE_22_5                     = 2 (default: 4'd2)
         DEGREE_BETWEEN_22_5_AND_45      = 3 (default: 4'd3)
         DEGREE_45                       = 4 (default: 4'd4)
         DEGREE_BETWEEN_45_AND_67_5      = 5 (default: 4'd5)
         DEGREE_67_5                     = 6 (default: 4'd6)
         DEGREE_BETWEEN_67_5_AND_90      = 7 (default: 4'd7)
         DEGREE_BETWEEN_90_AND_112_5     = 8 (default: 4'd8)
         DEGREE_112_5                    = 9 (default: 4'd9)
         DEGREE_BETWEEN_112_5_AND_135    = 10 (default: 4'd10)
         DEGREE_135                      = 11 (default: 4'd11)
         DEGREE_BETWEEN_135_AND_157_5    = 12 (default: 4'd12)
         DEGREE_157_5                    = 13 (default: 4'd13)
         DEGREE_BETWEEN_157_5_AND_180    = 14 (default: 4'd14)
         DEGREE_180                      = 15 (default: 4'd15)
     Instances (Total: 1): core.convEngin0 

================================================================================

Elaborated Name: 'medianFinder'
    (RTL Design Unit name: 'medianFinder', ./medianFinder.v:1)
     Parameters (Total: 0)
     Instances (Total: 4): core.convEngin0.\generate_median_finder[3].medianFinder0 , core.convEngin0.\generate_median_finder[2].medianFinder0 , core.convEngin0.\generate_median_finder[1].medianFinder0 , core.convEngin0.\generate_median_finder[0].medianFinder0  

================================================================================

Elaborated Name: 'ComparatorSorter'
    (RTL Design Unit name: 'ComparatorSorter', ./medianFinder.v:61)
     Parameters (Total: 0)
     Instances (Total: 76): core.convEngin0.\generate_median_finder[0].medianFinder0 .c6, core.convEngin0.\generate_median_finder[0].medianFinder0 .c5, core.convEngin0.\generate_median_finder[0].medianFinder0 .c4, core.convEngin0.\generate_median_finder[0].medianFinder0 .c3, core.convEngin0.\generate_median_finder[0].medianFinder0 .c2  ... more

================================================================================

Elaborated Name: 'arctangentApproximator'
    (RTL Design Unit name: 'arctangentApproximator', ./arctangentApproximator.v:1)
     Parameters (Total: 16)
         DEGREE_0                     = 0 (default: 4'd0)
         DEGREE_BETWEEN_0_AND_22_5    = 1 (default: 4'd1)
         DEGREE_22_5                  = 2 (default: 4'd2)
         DEGREE_BETWEEN_22_5_AND_45   = 3 (default: 4'd3)
         DEGREE_45                    = 4 (default: 4'd4)
         DEGREE_BETWEEN_45_AND_67_5   = 5 (default: 4'd5)
         DEGREE_67_5                  = 6 (default: 4'd6)
         DEGREE_BETWEEN_67_5_AND_90   = 7 (default: 4'd7)
         DEGREE_BETWEEN_90_AND_112_5  = 8 (default: 4'd8)
         DEGREE_112_5                 = 9 (default: 4'd9)
         DEGREE_BETWEEN_112_5_AND_135 = 10 (default: 4'd10)
         DEGREE_135                   = 11 (default: 4'd11)
         DEGREE_BETWEEN_135_AND_157_5 = 12 (default: 4'd12)
         DEGREE_157_5                 = 13 (default: 4'd13)
         DEGREE_BETWEEN_157_5_AND_180 = 14 (default: 4'd14)
         DEGREE_180                   = 15 (default: 4'd15)
     Instances (Total: 4): core.convEngin0.\generate_sobel_degree[3].arctan_approx , core.convEngin0.\generate_sobel_degree[2].arctan_approx , core.convEngin0.\generate_sobel_degree[1].arctan_approx , core.convEngin0.\generate_sobel_degree[0].arctan_approx  

================================================================================

Elaborated Name: 'core'
    (RTL Design Unit name: 'core', ./core.v:1)
     Parameters (Total: 25)
         OUTPUT_MODE_DIRECT                = 0 (default: 1'b0)
         OUTPUT_MODE_DELAYED               = 1 (default: 1'b1)
         STATE_START                       = 0 (default: 5'd0)
         STATE_WAIT_MMU                    = 1 (default: 5'd1)
         STATE_READY                       = 2 (default: 5'd2)
         STATE_WAIT_OP                     = 3 (default: 5'd3)
         STATE_READ_AND_SAVE_TO_SRAM       = 4 (default: 5'd4)
         STATE_ORIGIN_RIGHT_SHIFT          = 5 (default: 5'd5)
         STATE_ORIGIN_LEFT_SHIFT           = 6 (default: 5'd6)
         STATE_ORIGIN_UP_SHIFT             = 7 (default: 5'd7)
         STATE_ORIGIN_DOWN_SHIFT           = 8 (default: 5'd8)
         STATE_SCALE_DOWN_CHANNEL_WINDOW   = 9 (default: 5'd9)
         STATE_SCALE_UP_CHANNEL_WINDOW     = 10 (default: 5'd10)
         STATE_DISPLAY                     = 11 (default: 5'd11)
         STATE_WAIT_CONVOLUTION_ENGINE     = 12 (default: 5'd12)
         STATE_MEDIAN                      = 13 (default: 5'd13)
         STATE_SOBEL_NMS                   = 14 (default: 5'd14)
         STATE_FINISH_ROUND                = 28 (default: 5'd28)
         STATE_OUTPUT_SRAM                 = 29 (default: 5'd29)
         CHANNEL_WINDOW_32                 = 2 (default: 2'd2)
         CHANNEL_WINDOW_16                 = 1 (default: 2'd1)
         CHANNEL_WINDOW_8                  = 0 (default: 2'd0)
         CONV_ENGINE_FILTER_MODE_FIXED     = 0 (default: 2'd0)
         CONV_ENGINE_FILTER_MODE_MEDIAN    = 1 (default: 2'd1)
         CONV_ENGINE_FILTER_MODE_SOBEL_NMS = 2 (default: 2'd2)
================================================================================
