################################################################################
#
# This file has been generated by SpyGlass:
#     Report Created by: r2921a01
#     Report Created on: Mon Nov 13 20:29:31 2023
#     Working Directory: /home/raid7_2/user12/r2921a01/hw/hw4/1121_hw4/01_RTL
#     Report Location  : ./spyglass-1/IOTDF/lint/lint_rtl/spyglass_reports/SpyGlass/checksum.rpt
#     SpyGlass Version : SpyGlass_vT-2022.06
#     Policy Name      : SpyGlass(SpyGlass_vT-2022.06)
#     Comment          : This report contains md5sum of design file(s)
#
################################################################################

=====================================================================================
                         MD5SUM CHECKSUM OF DESIGN FILES 
=====================================================================================
MD5SUM CHECKSUM                   SOURCE              PATH OF DESIGN FILE       
-------------------------------------------------------------------------------------
a225c6f77bc72817b1312a95acf32dc6  1      /home/raid7_2/user12/r2921a01/hw/hw4/1121_hw4/01_RTL/IOTDF.v  
44b686c763d4a4edb2c062aae72dd019  1      /home/raid7_2/user12/r2921a01/hw/hw4/1121_hw4/01_RTL/inputReceiver.v  
4bbfeb43621184c4c721514183a2e6c4  1      /home/raid7_2/user12/r2921a01/hw/hw4/1121_hw4/01_RTL/desModule.v  
5795bab89208d05d87fe526179d42a0c  1      /home/raid7_2/user12/r2921a01/hw/hw4/1121_hw4/01_RTL/desKeyScheduler.v  
021f6280242b6ca2375d58ee50fa3100  1      /home/raid7_2/user12/r2921a01/hw/hw4/1121_hw4/01_RTL/desFfunction.v  
4106e65831aa9d73df0f5cae755dc7f7  1      /home/raid7_2/user12/r2921a01/hw/hw4/1121_hw4/01_RTL/outputModule.v  
d23e05e952366190309856bed976dabc  1      /home/raid7_2/user12/r2921a01/hw/hw4/1121_hw4/01_RTL/crcModule.v  
835fa03d07f48ef34cbf2fed426d1f5e  1      /home/raid7_2/user12/r2921a01/hw/hw4/1121_hw4/01_RTL/binaryGrayConverter.v  
