
################################################################################
#
# This file has been generated by SpyGlass:
#     Report Name      : moresimple
#     Report Created by: r2921a01
#     Report Created on:  Thu Oct 26 20:00:03 2023
#     Working Directory: /home/raid7_2/user12/r2921a01/hw/hw3/1121_hw3/01_RTL
#     SpyGlass Version : SpyGlass_vT-2022.06
#     Policy Name      : SpyGlass(SpyGlass_vT-2022.06)
#                        clock-reset(SpyGlass_vT-2022.06)
#                        erc(SpyGlass_vT-2022.06)
#                        latch(SpyGlass_vT-2022.06)
#                        lint(SpyGlass_vT-2022.06)
#                        morelint(SpyGlass_vT-2022.06)
#                        openmore(SpyGlass_vT-2022.06)
#                        power_est(SpyGlass_vT-2022.06)
#                        simulation(SpyGlass_vT-2022.06)
#                        starc(SpyGlass_vT-2022.06)
#                        starc2005(SpyGlass_vT-2022.06)
#                        txv(SpyGlass_vT-2022.06)
#
#     Total Number of Generated Messages :         12
#     Number of Waived Messages          :          0
#     Number of Reported Messages        :         12
#     Number of Overlimit Messages       :          0
#
#
################################################################################

+++++++++++++++++++++++++++++++++++++++++++++++++++++++++++++++++++++++
MORESIMPLE REPORT:


############### BuiltIn -> RuleGroup=Blackbox Resolution ###############
+++++++++++++++++++++++++++++++++++++++++++++++++++++++++++++++++++++++++++++++++++++++
ID       Rule               Alias              Severity    File                        Line    Wt    Message
======================================================================================
[C]      WarnAnalyzeBBox    WarnAnalyzeBBox    Warning     ./memoryManagementUnit.v    58      10    Design Unit 'sram_256x8' does not have functional view in any of the given sglib files; only .lib interface available
+++++++++++++++++++++++++++++++++++++++++++++++++++++++++++++++++++++++++++++++++++++++


############### BuiltIn -> RuleGroup=Design Read ###############
+++++++++++++++++++++++++++++++++++++++++++++++++++++++++++++++++++++++++++++++++++++++
ID       Rule                    Alias                   Severity    File                                                                          Line    Wt    Message
======================================================================================
[1]      DetectTopDesignUnits    DetectTopDesignUnits    Info        ./core.v                                                                      1       2     Module core is a top level design unit
[0]      ElabSummary             ElabSummary             Info        ./spyglass-1/core/lint/lint_rtl/spyglass_reports/SpyGlass/elab_summary.rpt    0       2     Please refer file './spyglass-1/core/lint/lint_rtl/spyglass_reports/SpyGlass/elab_summary.rpt' for elab summary report
+++++++++++++++++++++++++++++++++++++++++++++++++++++++++++++++++++++++++++++++++++++++


############### Non-BuiltIn -> Goal=lint/lint_rtl ###############
+++++++++++++++++++++++++++++++++++++++++++++++++++++++++++++++++++++++++++++++++++++++
ID       Rule     Alias    Severity    File                        Line    Wt    Message
======================================================================================
[2]      W287b             Warning     ./medianFinder.v            48      5     Instance output port 'o_bigger' is not connected
[3]      W287b             Warning     ./medianFinder.v            50      5     Instance output port 'o_smaller' is not connected
[4]      W287b             Warning     ./medianFinder.v            51      5     Instance output port 'o_bigger' is not connected
[5]      W287b             Warning     ./medianFinder.v            52      5     Instance output port 'o_smaller' is not connected
[6]      W287b             Warning     ./medianFinder.v            53      5     Instance output port 'o_smaller' is not connected
[7]      W287b             Warning     ./medianFinder.v            54      5     Instance output port 'o_bigger' is not connected
[8]      W287b             Warning     ./medianFinder.v            56      5     Instance output port 'o_smaller' is not connected
[9]      W287b             Warning     ./medianFinder.v            57      5     Instance output port 'o_bigger' is not connected
[B]      W528              Warning     ./memoryManagementUnit.v    48      10    Variable 'index_converter_bank_select' set but not read.[Hierarchy: ':core:mmu0@memoryManagementUnit']
+++++++++++++++++++++++++++++++++++++++++++++++++++++++++++++++++++++++++++++++++++++++
