
################################################################################
#
# This file has been generated by SpyGlass:
#     Report Name      : spyglass_violations
#     Report Created by: r2921a01
#     Report Created on:  Sun Nov 12 01:47:22 2023
#     Working Directory: /home/raid7_2/user12/r2921a01/hw/hw4/1121_hw4/01_RTL
#     SpyGlass Version : SpyGlass_vT-2022.06
#     Policy Name      : SpyGlass(SpyGlass_vT-2022.06)
#                        clock-reset(SpyGlass_vT-2022.06)
#                        erc(SpyGlass_vT-2022.06)
#                        latch(SpyGlass_vT-2022.06)
#                        lint(SpyGlass_vT-2022.06)
#                        morelint(SpyGlass_vT-2022.06)
#                        openmore(SpyGlass_vT-2022.06)
#                        power_est(SpyGlass_vT-2022.06)
#                        simulation(SpyGlass_vT-2022.06)
#                        starc(SpyGlass_vT-2022.06)
#                        starc2005(SpyGlass_vT-2022.06)
#                        txv(SpyGlass_vT-2022.06)
#
#     Total Number of Generated Messages :          2
#     Number of Waived Messages          :          0
#     Number of Info Messages            :          2
#     Number of Reported Messages        :          0
#     Number of Overlimit Messages       :          0
#
#
################################################################################

+++++++++++++++++++++++++++++++++++++++++++++++++++++++++++++++++++++++
SPYGLASS_VIOLATIONS REPORT:


############### BuiltIn -> RuleGroup=Design Read ###############
+++++++++++++++++++++++++++++++++++++++++++++++++++++++++++++++++++++++++++++++++++++++
ID       Rule                    SEV_CLASS    Severity    File                                                                           Line    Wt    Message
======================================================================================
(N.A.)
+++++++++++++++++++++++++++++++++++++++++++++++++++++++++++++++++++++++++++++++++++++++
