################################################################################
#
# This file has been generated by SpyGlass:
#     Report Created by: r2921a01
#     Report Created on: Fri Oct 20 20:08:02 2023
#     Working Directory: /home/raid7_2/user12/r2921a01/hw/hw3/1121_hw3/01_RTL
#     Report Location  : ./spyglass-1/core/lint/lint_rtl/spyglass_reports/SpyGlass/checksum.rpt
#     SpyGlass Version : SpyGlass_vT-2022.06
#     Policy Name      : SpyGlass(SpyGlass_vT-2022.06)
#     Comment          : This report contains md5sum of design file(s)
#
################################################################################

=====================================================================================
                         MD5SUM CHECKSUM OF DESIGN FILES 
=====================================================================================
MD5SUM CHECKSUM                   SOURCE              PATH OF DESIGN FILE       
-------------------------------------------------------------------------------------
f0183d8ba0478a16392fbd99b51184e4  1      /home/raid7_2/user12/r2921a01/hw/hw3/1121_hw3/01_RTL/core.v  
e15f7de3b262109ccc332ef2c37abb1e  1      /home/raid7_2/user12/r2921a01/hw/hw3/1121_hw3/01_RTL/memoryManagementUnit.v  
adaa0778c051c55f5d301d1ca3af6c9a  1      /home/raid7_2/user12/r2921a01/hw/hw3/1121_hw3/01_RTL/indexConverter.v  
2ccbddfc21e6cfc9a50d3fba2eef3e3b  1      /home/raid7_2/user12/r2921a01/hw/hw3/1121_hw3/01_RTL/convolutionEngine.v  
