
################################################################################
#
# This file has been generated by SpyGlass:
#     Report Name      : spyglass_violations
#     Report Created by: r2921a01
#     Report Created on:  Sat Oct 21 17:18:30 2023
#     Working Directory: /home/raid7_2/user12/r2921a01/hw/hw3/1121_hw3/01_RTL
#     SpyGlass Version : SpyGlass_vT-2022.06
#     Policy Name      : SpyGlass(SpyGlass_vT-2022.06)
#                        clock-reset(SpyGlass_vT-2022.06)
#                        erc(SpyGlass_vT-2022.06)
#                        latch(SpyGlass_vT-2022.06)
#                        lint(SpyGlass_vT-2022.06)
#                        morelint(SpyGlass_vT-2022.06)
#                        openmore(SpyGlass_vT-2022.06)
#                        power_est(SpyGlass_vT-2022.06)
#                        simulation(SpyGlass_vT-2022.06)
#                        starc(SpyGlass_vT-2022.06)
#                        starc2005(SpyGlass_vT-2022.06)
#                        txv(SpyGlass_vT-2022.06)
#
#     Total Number of Generated Messages :         15
#     Number of Waived Messages          :          0
#     Number of Info Messages            :          3
#     Number of Reported Messages        :         12
#     Number of Overlimit Messages       :          0
#
#
################################################################################

+++++++++++++++++++++++++++++++++++++++++++++++++++++++++++++++++++++++
SPYGLASS_VIOLATIONS REPORT:


############### BuiltIn -> RuleGroup=Blackbox Resolution ###############
+++++++++++++++++++++++++++++++++++++++++++++++++++++++++++++++++++++++++++++++++++++++
ID       Rule               SEV_CLASS    Severity    File                        Line    Wt    Message
======================================================================================
[17]     WarnAnalyzeBBox    WARNING      Warning     ./memoryManagementUnit.v    58      10    Design Unit 'sram_256x8' does not have functional view in any of the given sglib files; only .lib interface available
+++++++++++++++++++++++++++++++++++++++++++++++++++++++++++++++++++++++++++++++++++++++


############### BuiltIn -> RuleGroup=Design Read ###############
+++++++++++++++++++++++++++++++++++++++++++++++++++++++++++++++++++++++++++++++++++++++
ID       Rule                    SEV_CLASS    Severity    File                                                                          Line    Wt      Message
======================================================================================
[2]      WRN_38                  WARNING      Warning     ./convolutionEngine.v                                                         231     1000    Output connection ( sobel_degree ) in instantiation should not be reg type as simulators do not support this. The IEEE 1364-1995/2001/2005 Verilog standards do not support it either
+++++++++++++++++++++++++++++++++++++++++++++++++++++++++++++++++++++++++++++++++++++++


############### Non-BuiltIn -> Goal=lint/lint_rtl ###############
+++++++++++++++++++++++++++++++++++++++++++++++++++++++++++++++++++++++++++++++++++++++
ID       Rule     SEV_CLASS    Severity    File                                                                           Line    Wt    Message
======================================================================================
[3]      W287b    WARNING      Warning     ./medianFinder.v                                                               48      5     Instance output port 'o_bigger' is not connected
[4]      W287b    WARNING      Warning     ./medianFinder.v                                                               50      5     Instance output port 'o_smaller' is not connected
[5]      W287b    WARNING      Warning     ./medianFinder.v                                                               51      5     Instance output port 'o_bigger' is not connected
[6]      W287b    WARNING      Warning     ./medianFinder.v                                                               52      5     Instance output port 'o_smaller' is not connected
[7]      W287b    WARNING      Warning     ./medianFinder.v                                                               53      5     Instance output port 'o_smaller' is not connected
[8]      W287b    WARNING      Warning     ./medianFinder.v                                                               54      5     Instance output port 'o_bigger' is not connected
[9]      W287b    WARNING      Warning     ./medianFinder.v                                                               56      5     Instance output port 'o_smaller' is not connected
[A]      W287b    WARNING      Warning     ./medianFinder.v                                                               57      5     Instance output port 'o_bigger' is not connected
[E]      W528     WARNING      Warning     ./arctangentApproximator.v                                                     30      10    Variable 'x_times_tan_0[21:0]' set but not read.[Hierarchy: ':core:convEngin0@convolutionEngine:\generate_sobel_degree[0].arctan_approx @arctangentApproximator']
[C]      W528     WARNING      Warning     ./memoryManagementUnit.v                                                       48      10    Variable 'index_converter_bank_select' set but not read.[Hierarchy: ':core:mmu0@memoryManagementUnit']
+++++++++++++++++++++++++++++++++++++++++++++++++++++++++++++++++++++++++++++++++++++++
