################################################################################
#
# This file has been generated by SpyGlass:
#     Report Created by: r2921a01
#     Report Created on: Sun Oct 22 00:59:32 2023
#     Working Directory: /home/raid7_2/user12/r2921a01/hw/hw3/1121_hw3/01_RTL
#     Report Location  : ./spyglass-1/core/lint/lint_rtl/spyglass_reports/SpyGlass/checksum.rpt
#     SpyGlass Version : SpyGlass_vT-2022.06
#     Policy Name      : SpyGlass(SpyGlass_vT-2022.06)
#     Comment          : This report contains md5sum of design file(s)
#
################################################################################

=====================================================================================
                         MD5SUM CHECKSUM OF DESIGN FILES 
=====================================================================================
MD5SUM CHECKSUM                   SOURCE              PATH OF DESIGN FILE       
-------------------------------------------------------------------------------------
769a643e80b1c1c599e9fefe258408e2  1      /home/raid7_2/user12/r2921a01/hw/hw3/1121_hw3/01_RTL/core.v  
e15f7de3b262109ccc332ef2c37abb1e  1      /home/raid7_2/user12/r2921a01/hw/hw3/1121_hw3/01_RTL/memoryManagementUnit.v  
adaa0778c051c55f5d301d1ca3af6c9a  1      /home/raid7_2/user12/r2921a01/hw/hw3/1121_hw3/01_RTL/indexConverter.v  
6b14a532e0b635aae68e77650c544bb1  1      /home/raid7_2/user12/r2921a01/hw/hw3/1121_hw3/01_RTL/convolutionEngine.v  
0bd9437608202c2165bdab6ea14903cb  1      /home/raid7_2/user12/r2921a01/hw/hw3/1121_hw3/01_RTL/medianFinder.v  
163b1c0da2710a137e364311fbb4dc26  1      /home/raid7_2/user12/r2921a01/hw/hw3/1121_hw3/01_RTL/arctangentApproximator.v  
