
################################################################################
#
# This file has been generated by SpyGlass:
#     Report Name      : moresimple
#     Report Created by: 
#     Report Created on: 
#     Working Directory: 
#     Report Location  : ./spyglass-1/spyglass_cache/autogenerated_sglib/lc/spyglass_lc_aggregate_reports/moresimple.rpt
#     SpyGlass Version : 
#     Policy Name      : SpyGlass(SpyGlass_vT-2022.06)
#
#     Total Number of Generated Messages :          0
#     Number of Waived Messages          :          0
#     Number of Reported Messages        :          0
#     Number of Overlimit Messages       :          0
#
#
################################################################################

+++++++++++++++++++++++++++++++++++++++++++++++++++++++++++++++++++++++
MORESIMPLE REPORT:
